<?xml version="1.0" encoding="UTF-8"?>
<testng-results ignored="0" total="1" passed="1" failed="0" skipped="0">
  <reporter-output>
  </reporter-output>
  <suite started-at="2025-10-31T12:10:44 IST" name="Surefire suite" finished-at="2025-10-31T12:10:49 IST" duration-ms="5631">
    <groups>
    </groups>
    <test started-at="2025-10-31T12:10:44 IST" name="Surefire test" finished-at="2025-10-31T12:10:49 IST" duration-ms="5631">
      <class name="ar.TestRunner">
        <test-method is-config="true" signature="setup()[pri:0, instance:ar.TestRunner@41ee392b]" started-at="2025-10-31T12:10:44 IST" name="setup" finished-at="2025-10-31T12:10:49 IST" duration-ms="5036" status="PASS">
          <reporter-output>
          </reporter-output>
        </test-method> <!-- setup -->
        <test-method signature="test()[pri:0, instance:ar.TestRunner@41ee392b]" started-at="2025-10-31T12:10:49 IST" name="test" finished-at="2025-10-31T12:10:49 IST" duration-ms="283" status="PASS">
          <reporter-output>
          </reporter-output>
        </test-method> <!-- test -->
        <test-method is-config="true" signature="teardown()[pri:0, instance:ar.TestRunner@41ee392b]" started-at="2025-10-31T12:10:49 IST" name="teardown" finished-at="2025-10-31T12:10:49 IST" duration-ms="272" status="PASS">
          <reporter-output>
          </reporter-output>
        </test-method> <!-- teardown -->
      </class> <!-- ar.TestRunner -->
    </test> <!-- Surefire test -->
  </suite> <!-- Surefire suite -->
</testng-results>
